<?xml version="1.0" encoding="UTF-8"?>
<!-- Generated by org.testng.reporters.JUnitXMLReporter -->
<testsuite ignored="0" hostname="Windows-PC" failures="1" tests="2" name="Test" time="36.953" errors="0" timestamp="2022-12-12T01:43:56 IST">
  <testcase classname="testCases.logInTestsCase" name="method1" time="1.966">
    <failure type="java.lang.AssertionError" message="The following asserts failed:
	expected [lease check your username and password. If you still can&amp;apos;t log in, contact your Salesforce administrator.] but found [Please check your username and password. If you still can&amp;apos;t log in, contact your Salesforce administrator.]">
      <![CDATA[java.lang.AssertionError: The following asserts failed:
expected [lease check your username and password. If you still can't log in, contact your Salesforce administrator.] but found [Please check your username and password. If you still can't log in, contact your Salesforce administrator.]
at resources.Commonmethods.assertionmethod(Commonmethods.java:31)
at testCases.logInTestsCase.method1(logInTestsCase.java:36)
at java.base/java.util.ArrayList.forEach(ArrayList.java:1511)
... Removed 29 stack frames]]>
    </failure>
  </testcase> <!-- method1 -->
  <testcase classname="testCases.SignUpTestCases" name="veryfySignUp" time="16.019"/>
</testsuite> <!-- Test -->
